2025-09-18 10:44:39 - com.api.UserServiceApplication - Starting UserServiceApplication using Java 17.0.8.1 with PID 25404 (C:\Users\bsarala\Documents\Practice\Git_SourceCode\UserService\target\classes started by bsarala in C:\Users\bsarala\Documents\Practice\Git_SourceCode\UserService)
2025-09-18 10:44:39 - com.api.UserServiceApplication - No active profile set, falling back to 1 default profile: "default"
2025-09-18 10:44:41 - o.s.d.r.c.RepositoryConfigurationDelegate - Bootstrapping Spring Data JPA repositories in DEFAULT mode.
2025-09-18 10:44:42 - o.s.d.r.c.RepositoryConfigurationDelegate - Finished Spring Data repository scanning in 127 ms. Found 1 JPA repository interface.
2025-09-18 10:44:43 - o.s.b.w.e.tomcat.TomcatWebServer - Tomcat initialized with port 8080 (http)
2025-09-18 10:44:43 - o.a.catalina.core.StandardService - Starting service [Tomcat]
2025-09-18 10:44:43 - o.a.catalina.core.StandardEngine - Starting Servlet engine: [Apache Tomcat/10.1.44]
2025-09-18 10:44:44 - o.a.c.c.C.[Tomcat].[localhost].[/] - Initializing Spring embedded WebApplicationContext
2025-09-18 10:44:44 - o.s.b.w.s.c.ServletWebServerApplicationContext - Root WebApplicationContext: initialization completed in 4166 ms
2025-09-18 10:44:44 - o.h.jpa.internal.util.LogHelper - HHH000204: Processing PersistenceUnitInfo [name: default]
2025-09-18 10:44:44 - org.hibernate.Version - HHH000412: Hibernate ORM core version 6.6.26.Final
2025-09-18 10:44:44 - o.h.c.i.RegionFactoryInitiator - HHH000026: Second-level cache disabled
2025-09-18 10:44:44 - o.s.o.j.p.SpringPersistenceUnitInfo - No LoadTimeWeaver setup: ignoring JPA class transformer
2025-09-18 10:44:45 - com.zaxxer.hikari.HikariDataSource - HikariPool-1 - Starting...
2025-09-18 10:44:45 - com.zaxxer.hikari.pool.HikariPool - HikariPool-1 - Added connection conn0: url=jdbc:h2:mem:testdb user=SA
2025-09-18 10:44:45 - com.zaxxer.hikari.HikariDataSource - HikariPool-1 - Start completed.
2025-09-18 10:44:45 - o.hibernate.orm.connections.pooling - HHH10001005: Database info:
	Database JDBC URL [Connecting through datasource 'HikariDataSource (HikariPool-1)']
	Database driver: undefined/unknown
	Database version: 2.3.232
	Autocommit mode: undefined/unknown
	Isolation level: undefined/unknown
	Minimum pool size: undefined/unknown
	Maximum pool size: undefined/unknown
2025-09-18 10:44:46 - o.h.e.t.j.p.i.JtaPlatformInitiator - HHH000489: No JTA platform available (set 'hibernate.transaction.jta.platform' to enable JTA platform integration)
2025-09-18 10:44:46 - o.s.o.j.LocalContainerEntityManagerFactoryBean - Initialized JPA EntityManagerFactory for persistence unit 'default'
2025-09-18 10:44:46 - o.s.s.c.a.a.c.InitializeAuthenticationProviderBeanManagerConfigurer$InitializeAuthenticationProviderManagerConfigurer - Global AuthenticationManager configured with AuthenticationProvider bean with name authenticationProvider
2025-09-18 10:44:46 - o.s.s.c.a.a.c.InitializeUserDetailsBeanManagerConfigurer$InitializeUserDetailsManagerConfigurer - Global AuthenticationManager configured with an AuthenticationProvider bean. UserDetailsService beans will not be used by Spring Security for automatically configuring username/password login. Consider removing the AuthenticationProvider bean. Alternatively, consider using the UserDetailsService in a manually instantiated DaoAuthenticationProvider. If the current configuration is intentional, to turn off this warning, increase the logging level of 'org.springframework.security.config.annotation.authentication.configuration.InitializeUserDetailsBeanManagerConfigurer' to ERROR
2025-09-18 10:44:47 - o.s.b.a.o.j.JpaBaseConfiguration$JpaWebConfiguration - spring.jpa.open-in-view is enabled by default. Therefore, database queries may be performed during view rendering. Explicitly configure spring.jpa.open-in-view to disable this warning
2025-09-18 10:44:48 - o.s.b.a.h.H2ConsoleAutoConfiguration - H2 console available at '/h2-console'. Database available at 'jdbc:h2:mem:testdb'
2025-09-18 10:44:48 - o.s.b.w.e.tomcat.TomcatWebServer - Tomcat started on port 8080 (http) with context path '/'
2025-09-18 10:44:48 - com.api.UserServiceApplication - Started UserServiceApplication in 9.585 seconds (process running for 11.431)
2025-09-18 10:44:58 - o.a.c.c.C.[Tomcat].[localhost].[/] - Initializing Spring DispatcherServlet 'dispatcherServlet'
2025-09-18 10:44:58 - o.s.web.servlet.DispatcherServlet - Initializing Servlet 'dispatcherServlet'
2025-09-18 10:44:58 - o.s.web.servlet.DispatcherServlet - Completed initialization in 2 ms
2025-09-18 10:44:59 - o.s.api.AbstractOpenApiResource - Init duration for springdoc-openapi is: 578 ms
